Nov 19, 2021 9:33:18 AM registry.Logging logging
INFO: New service registered: test localhost:8000
Nov 23, 2021 2:14:49 PM registry.Logging logging
INFO: New service registered: test localhost:8000
Nov 29, 2021 5:43:33 PM registry.Logging logging
INFO: New service registered: test localhost:8000
Nov 29, 2021 7:14:04 PM registry.Logging logging
INFO: New service registered: test localhost:8000
Nov 29, 2021 7:19:52 PM registry.Logging logging
INFO: New service registered: test localhost:8000
Nov 29, 2021 7:22:11 PM registry.Logging logging
INFO: New service registered: test localhost:8000
Nov 29, 2021 8:20:53 PM registry.Logging logging
INFO: New service registered: test localhost:8000
Nov 29, 2021 8:24:58 PM registry.Logging logging
INFO: New service registered: test localhost:8000
Nov 29, 2021 8:44:39 PM registry.Logging logging
INFO: New service registered: test localhost:8000
Nov 29, 2021 8:46:35 PM registry.Logging logging
INFO: New service registered: test localhost:8000
Nov 29, 2021 8:47:22 PM registry.Logging logging
INFO: New service registered: test localhost:8000
Nov 29, 2021 9:18:27 PM registry.Logging logging
INFO: New service registered: test localhost:8000
Nov 30, 2021 6:21:47 PM registry.Logging logging
INFO: New service registered: test localhost:8000
Nov 30, 2021 6:33:12 PM registry.Logging logging
INFO: New service registered: test localhost:8000
Nov 30, 2021 6:47:02 PM registry.Logging logging
INFO: New service registered: test localhost:8000
Nov 30, 2021 6:52:40 PM registry.Logging logging
INFO: New service registered: test localhost:8000
Nov 30, 2021 6:56:26 PM registry.Logging logging
INFO: New service registered: test localhost:8000
Nov 30, 2021 7:04:40 PM registry.Logging logging
INFO: New service registered: test localhost:8000
Nov 30, 2021 7:12:51 PM registry.Logging logging
INFO: New service registered: test localhost:8000
Nov 30, 2021 7:15:06 PM registry.Logging logging
INFO: New service registered: test localhost:8000
Nov 30, 2021 7:27:06 PM registry.Logging logging
INFO: New service registered: test localhost:8000
Nov 30, 2021 7:31:32 PM registry.Logging logging
INFO: New service registered: test localhost:8000
Nov 30, 2021 7:32:45 PM registry.Logging logging
INFO: New service registered: test localhost:8000
Nov 30, 2021 7:42:38 PM registry.Logging logging
INFO: New service registered: test localhost:8000
Nov 30, 2021 7:45:50 PM registry.Logging logging
INFO: New service registered: test localhost:8000
Nov 30, 2021 8:48:20 PM registry.Logging logging
INFO: New service registered: test localhost:8000
Nov 30, 2021 9:28:41 PM registry.Logging logging
INFO: New service registered: test localhost:8000
Nov 30, 2021 9:35:40 PM registry.Logging logging
INFO: New service registered: test localhost:8000
Nov 30, 2021 9:38:23 PM registry.Logging logging
INFO: New service registered: test localhost:8000
Dec 01, 2021 6:29:42 PM registry.Logging logging
INFO: New service registered: test localhost:8000
Dec 01, 2021 6:41:03 PM registry.Logging logging
INFO: New service registered: test localhost:8000
Dec 01, 2021 6:47:40 PM registry.Logging logging
INFO: New service registered: test localhost:8000
Dec 01, 2021 6:52:33 PM registry.Logging logging
INFO: New service registered: test localhost:8000
Dec 01, 2021 7:05:51 PM registry.Logging logging
INFO: New service registered: test localhost:8000
Dec 01, 2021 7:25:40 PM registry.Logging logging
INFO: New service registered: test localhost:8000
Dec 01, 2021 8:16:59 PM registry.Logging logging
INFO: New service registered: test localhost:8000
Dec 01, 2021 8:22:11 PM registry.Logging logging
INFO: New service registered: test localhost:8000
Dec 01, 2021 8:24:07 PM registry.Logging logging
INFO: New service registered: test localhost:8000
Dec 01, 2021 8:26:01 PM registry.Logging logging
INFO: New service registered: test localhost:8000
Dec 01, 2021 8:28:42 PM registry.Logging logging
INFO: New service registered: test localhost:8000
Dec 01, 2021 8:39:30 PM registry.Logging logging
INFO: New service registered: test localhost:8000
